  CreatureObject.cpp
  EnemyObject.cpp
C:\Users\azn2w\Git\CppPractice\CppPracticeSol\FebruaryCppPrac\StructureDefine.h(4,1): error C2011: 'ObjectInfo': 'struct' 형식 재정의
C:\Users\azn2w\Git\CppPractice\CppPracticeSol\FebruaryCppPrac\CreatureObject.h(4): message : 'ObjectInfo' 선언을 참조하십시오.
  PlayerObject.cpp
C:\Users\azn2w\Git\CppPractice\CppPracticeSol\FebruaryCppPrac\GameManager.h(25,20): error C2061: 구문 오류: 식별자 'CPlayer'
C:\Users\azn2w\Git\CppPractice\CppPracticeSol\FebruaryCppPrac\GameManager.h(26,26): error C2061: 구문 오류: 식별자 'CPlayer'
C:\Users\azn2w\Git\CppPractice\CppPracticeSol\FebruaryCppPrac\GameManager.h(27,24): error C2061: 구문 오류: 식별자 'CPlayer'
C:\Users\azn2w\Git\CppPractice\CppPracticeSol\FebruaryCppPrac\GameManager.h(29,8): error C2143: 구문 오류: ';'이(가) '*' 앞에 없습니다.
C:\Users\azn2w\Git\CppPractice\CppPracticeSol\FebruaryCppPrac\GameManager.h(29,8): error C4430: 형식 지정자가 없습니다. int로 가정합니다. 참고: C++에서는 기본 int를 지원하지 않습니다.
C:\Users\azn2w\Git\CppPractice\CppPracticeSol\FebruaryCppPrac\GameManager.h(29,44): error C2238: ';' 앞에 예기치 않은 토큰이 있습니다.
C:\Users\azn2w\Git\CppPractice\CppPracticeSol\FebruaryCppPrac\PlayerObject.h(5,1): error C2504: 'CCreatureObject': 기본 클래스를 정의하지 않았습니다.
C:\Users\azn2w\Git\CppPractice\CppPracticeSol\FebruaryCppPrac\CreatureObject.h(5,1): error C2011: 'ObjectInfo': 'struct' 형식 재정의
C:\Users\azn2w\Git\CppPractice\CppPracticeSol\FebruaryCppPrac\StructureDefine.h(3): message : 'ObjectInfo' 선언을 참조하십시오.
C:\Users\azn2w\Git\CppPractice\CppPracticeSol\FebruaryCppPrac\PlayerObject.cpp(8,11): error C2065: 'pInfo': 선언되지 않은 식별자입니다.
C:\Users\azn2w\Git\CppPractice\CppPracticeSol\FebruaryCppPrac\PlayerObject.cpp(8,50): error C2660: 'strcpy_s': 함수는 2개의 인수를 사용하지 않습니다.
C:\Program Files (x86)\Windows Kits\10\Include\10.0.18362.0\ucrt\string.h(28,30): message : 'strcpy_s' 선언을 참조하십시오.
  TextRPG5main.cpp
C:\Users\azn2w\Git\CppPractice\CppPracticeSol\FebruaryCppPrac\GameManager.h(25,20): error C2061: 구문 오류: 식별자 'CPlayer'
C:\Users\azn2w\Git\CppPractice\CppPracticeSol\FebruaryCppPrac\GameManager.h(26,26): error C2061: 구문 오류: 식별자 'CPlayer'
C:\Users\azn2w\Git\CppPractice\CppPracticeSol\FebruaryCppPrac\GameManager.h(27,24): error C2061: 구문 오류: 식별자 'CPlayer'
C:\Users\azn2w\Git\CppPractice\CppPracticeSol\FebruaryCppPrac\GameManager.h(29,8): error C2143: 구문 오류: ';'이(가) '*' 앞에 없습니다.
C:\Users\azn2w\Git\CppPractice\CppPracticeSol\FebruaryCppPrac\GameManager.h(29,8): error C4430: 형식 지정자가 없습니다. int로 가정합니다. 참고: C++에서는 기본 int를 지원하지 않습니다.
C:\Users\azn2w\Git\CppPractice\CppPracticeSol\FebruaryCppPrac\GameManager.h(29,44): error C2238: ';' 앞에 예기치 않은 토큰이 있습니다.
C:\Users\azn2w\Git\CppPractice\CppPracticeSol\FebruaryCppPrac\PlayerObject.h(5,1): error C2504: 'CCreatureObject': 기본 클래스를 정의하지 않았습니다.
C:\Users\azn2w\Git\CppPractice\CppPracticeSol\FebruaryCppPrac\CreatureObject.h(5,1): error C2011: 'ObjectInfo': 'struct' 형식 재정의
C:\Users\azn2w\Git\CppPractice\CppPracticeSol\FebruaryCppPrac\StructureDefine.h(3): message : 'ObjectInfo' 선언을 참조하십시오.
  GameManager.cpp
C:\Users\azn2w\Git\CppPractice\CppPracticeSol\FebruaryCppPrac\GameManager.h(25,20): error C2061: 구문 오류: 식별자 'CPlayer'
C:\Users\azn2w\Git\CppPractice\CppPracticeSol\FebruaryCppPrac\GameManager.h(26,26): error C2061: 구문 오류: 식별자 'CPlayer'
C:\Users\azn2w\Git\CppPractice\CppPracticeSol\FebruaryCppPrac\GameManager.h(27,24): error C2061: 구문 오류: 식별자 'CPlayer'
C:\Users\azn2w\Git\CppPractice\CppPracticeSol\FebruaryCppPrac\GameManager.h(29,8): error C2143: 구문 오류: ';'이(가) '*' 앞에 없습니다.
C:\Users\azn2w\Git\CppPractice\CppPracticeSol\FebruaryCppPrac\GameManager.h(29,8): error C4430: 형식 지정자가 없습니다. int로 가정합니다. 참고: C++에서는 기본 int를 지원하지 않습니다.
C:\Users\azn2w\Git\CppPractice\CppPracticeSol\FebruaryCppPrac\GameManager.h(29,44): error C2238: ';' 앞에 예기치 않은 토큰이 있습니다.
C:\Users\azn2w\Git\CppPractice\CppPracticeSol\FebruaryCppPrac\PlayerObject.h(5,1): error C2504: 'CCreatureObject': 기본 클래스를 정의하지 않았습니다.
C:\Users\azn2w\Git\CppPractice\CppPracticeSol\FebruaryCppPrac\CreatureObject.h(5,1): error C2011: 'ObjectInfo': 'struct' 형식 재정의
C:\Users\azn2w\Git\CppPractice\CppPracticeSol\FebruaryCppPrac\StructureDefine.h(3): message : 'ObjectInfo' 선언을 참조하십시오.
C:\Users\azn2w\Git\CppPractice\CppPracticeSol\FebruaryCppPrac\GameManager.cpp(33,19): error C2027: 정의되지 않은 형식 'ObjectInfo'을(를) 사용했습니다.
C:\Users\azn2w\Git\CppPractice\CppPracticeSol\FebruaryCppPrac\StructureDefine.h(3): message : 'ObjectInfo' 선언을 참조하십시오.
C:\Users\azn2w\Git\CppPractice\CppPracticeSol\FebruaryCppPrac\GameManager.cpp(36,30): error C2027: 정의되지 않은 형식 'ObjectInfo'을(를) 사용했습니다.
C:\Users\azn2w\Git\CppPractice\CppPracticeSol\FebruaryCppPrac\StructureDefine.h(3): message : 'ObjectInfo' 선언을 참조하십시오.
C:\Users\azn2w\Git\CppPractice\CppPracticeSol\FebruaryCppPrac\GameManager.cpp(37,30): error C2027: 정의되지 않은 형식 'ObjectInfo'을(를) 사용했습니다.
C:\Users\azn2w\Git\CppPractice\CppPracticeSol\FebruaryCppPrac\StructureDefine.h(3): message : 'ObjectInfo' 선언을 참조하십시오.
C:\Users\azn2w\Git\CppPractice\CppPracticeSol\FebruaryCppPrac\GameManager.cpp(37,63): error C2027: 정의되지 않은 형식 'ObjectInfo'을(를) 사용했습니다.
C:\Users\azn2w\Git\CppPractice\CppPracticeSol\FebruaryCppPrac\StructureDefine.h(3): message : 'ObjectInfo' 선언을 참조하십시오.
C:\Users\azn2w\Git\CppPractice\CppPracticeSol\FebruaryCppPrac\GameManager.cpp(63,35): error C2440: '초기화 중': 'CPlayer *'에서 'CCreatureObject *'(으)로 변환할 수 없습니다.
C:\Users\azn2w\Git\CppPractice\CppPracticeSol\FebruaryCppPrac\GameManager.cpp(63,22): message : 가리킨 형식이 관련이 없습니다. 변환하려면 reinterpret_cast, C 스타일 캐스트 또는 함수 스타일 캐스트가 필요합니다.
C:\Users\azn2w\Git\CppPractice\CppPracticeSol\FebruaryCppPrac\GameManager.cpp(64,10): error C2039: 'Get_pInfo': 'CPlayer'의 멤버가 아닙니다.
C:\Users\azn2w\Git\CppPractice\CppPracticeSol\FebruaryCppPrac\PlayerObject.h(4): message : 'CPlayer' 선언을 참조하십시오.
C:\Users\azn2w\Git\CppPractice\CppPracticeSol\FebruaryCppPrac\GameManager.cpp(102,1): error C2511: 'void GameManager::Feild(CPlayer *)': 오버로드된 멤버 함수가 'GameManager'에 없습니다.
C:\Users\azn2w\Git\CppPractice\CppPracticeSol\FebruaryCppPrac\GameManager.h(15): message : 'GameManager' 선언을 참조하십시오.
C:\Users\azn2w\Git\CppPractice\CppPracticeSol\FebruaryCppPrac\GameManager.cpp(106,13): error C2039: 'Get_pInfo': 'CPlayer'의 멤버가 아닙니다.
C:\Users\azn2w\Git\CppPractice\CppPracticeSol\FebruaryCppPrac\PlayerObject.h(4): message : 'CPlayer' 선언을 참조하십시오.
C:\Users\azn2w\Git\CppPractice\CppPracticeSol\FebruaryCppPrac\GameManager.cpp(107,25): error C2039: 'Get_pInfo': 'CPlayer'의 멤버가 아닙니다.
C:\Users\azn2w\Git\CppPractice\CppPracticeSol\FebruaryCppPrac\PlayerObject.h(4): message : 'CPlayer' 선언을 참조하십시오.
C:\Users\azn2w\Git\CppPractice\CppPracticeSol\FebruaryCppPrac\GameManager.cpp(117,30): error C2660: 'GameManager::BattleField': 함수는 2개의 인수를 사용하지 않습니다.
C:\Users\azn2w\Git\CppPractice\CppPracticeSol\FebruaryCppPrac\GameManager.h(26,7): message : 'GameManager::BattleField' 선언을 참조하십시오.
C:\Users\azn2w\Git\CppPractice\CppPracticeSol\FebruaryCppPrac\GameManager.cpp(120,32): error C2660: 'GameManager::BattleField': 함수는 2개의 인수를 사용하지 않습니다.
C:\Users\azn2w\Git\CppPractice\CppPracticeSol\FebruaryCppPrac\GameManager.h(26,7): message : 'GameManager::BattleField' 선언을 참조하십시오.
C:\Users\azn2w\Git\CppPractice\CppPracticeSol\FebruaryCppPrac\GameManager.cpp(123,30): error C2660: 'GameManager::BattleField': 함수는 2개의 인수를 사용하지 않습니다.
C:\Users\azn2w\Git\CppPractice\CppPracticeSol\FebruaryCppPrac\GameManager.h(26,7): message : 'GameManager::BattleField' 선언을 참조하십시오.
C:\Users\azn2w\Git\CppPractice\CppPracticeSol\FebruaryCppPrac\GameManager.cpp(136,1): error C2511: 'void GameManager::BattleField(CPlayer *,int)': 오버로드된 멤버 함수가 'GameManager'에 없습니다.
C:\Users\azn2w\Git\CppPractice\CppPracticeSol\FebruaryCppPrac\GameManager.h(15): message : 'GameManager' 선언을 참조하십시오.
C:\Users\azn2w\Git\CppPractice\CppPracticeSol\FebruaryCppPrac\GameManager.cpp(140,11): error C3861: 'InstantiateEnemy': 식별자를 찾을 수 없습니다.
C:\Users\azn2w\Git\CppPractice\CppPracticeSol\FebruaryCppPrac\GameManager.cpp(146,25): error C2039: 'Get_pInfo': 'CPlayer'의 멤버가 아닙니다.
C:\Users\azn2w\Git\CppPractice\CppPracticeSol\FebruaryCppPrac\PlayerObject.h(4): message : 'CPlayer' 선언을 참조하십시오.
C:\Users\azn2w\Git\CppPractice\CppPracticeSol\FebruaryCppPrac\GameManager.cpp(147,35): error C2664: 'void GameManager::PrintInfo(ObjectInfo)': 인수 1을(를) 'ObjectInfo'에서 'ObjectInfo'(으)로 변환할 수 없습니다.
C:\Users\azn2w\Git\CppPractice\CppPracticeSol\FebruaryCppPrac\GameManager.cpp(147,35): message : 정의되지 않은 형식 'ObjectInfo'을(를) 사용했습니다.
C:\Users\azn2w\Git\CppPractice\CppPracticeSol\FebruaryCppPrac\StructureDefine.h(3,8): message : 'ObjectInfo' 선언을 참조하십시오.
C:\Users\azn2w\Git\CppPractice\CppPracticeSol\FebruaryCppPrac\GameManager.cpp(33,19): message : 'GameManager::PrintInfo' 선언을 참조하십시오.
C:\Users\azn2w\Git\CppPractice\CppPracticeSol\FebruaryCppPrac\GameManager.cpp(158,48): error C2660: 'GameManager::BattePhase': 함수는 2개의 인수를 사용하지 않습니다.
C:\Users\azn2w\Git\CppPractice\CppPracticeSol\FebruaryCppPrac\GameManager.h(27,6): message : 'GameManager::BattePhase' 선언을 참조하십시오.
C:\Users\azn2w\Git\CppPractice\CppPracticeSol\FebruaryCppPrac\GameManager.cpp(187,1): error C2511: 'int GameManager::BattePhase(CPlayer *,CEnemy *)': 오버로드된 멤버 함수가 'GameManager'에 없습니다.
C:\Users\azn2w\Git\CppPractice\CppPracticeSol\FebruaryCppPrac\GameManager.h(15): message : 'GameManager' 선언을 참조하십시오.
C:\Users\azn2w\Git\CppPractice\CppPracticeSol\FebruaryCppPrac\GameManager.cpp(189,31): error C2039: 'Get_pInfo': 'CPlayer'의 멤버가 아닙니다.
C:\Users\azn2w\Git\CppPractice\CppPracticeSol\FebruaryCppPrac\PlayerObject.h(4): message : 'CPlayer' 선언을 참조하십시오.
C:\Users\azn2w\Git\CppPractice\CppPracticeSol\FebruaryCppPrac\GameManager.cpp(189,19): error C2530: 'refPlayerHp': 참조를 초기화해야 합니다.
C:\Users\azn2w\Git\CppPractice\CppPracticeSol\FebruaryCppPrac\GameManager.cpp(190,40): error C2027: 정의되지 않은 형식 'ObjectInfo'을(를) 사용했습니다.
C:\Users\azn2w\Git\CppPractice\CppPracticeSol\FebruaryCppPrac\StructureDefine.h(3): message : 'ObjectInfo' 선언을 참조하십시오.
C:\Users\azn2w\Git\CppPractice\CppPracticeSol\FebruaryCppPrac\GameManager.cpp(190,18): error C2530: 'refEnemyHp': 참조를 초기화해야 합니다.
C:\Users\azn2w\Git\CppPractice\CppPracticeSol\FebruaryCppPrac\GameManager.cpp(192,27): error C2039: 'Get_pInfo': 'CPlayer'의 멤버가 아닙니다.
C:\Users\azn2w\Git\CppPractice\CppPracticeSol\FebruaryCppPrac\PlayerObject.h(4): message : 'CPlayer' 선언을 참조하십시오.
C:\Users\azn2w\Git\CppPractice\CppPracticeSol\FebruaryCppPrac\GameManager.cpp(193,26): error C2039: 'Get_pInfo': 'CPlayer'의 멤버가 아닙니다.
C:\Users\azn2w\Git\CppPractice\CppPracticeSol\FebruaryCppPrac\PlayerObject.h(4): message : 'CPlayer' 선언을 참조하십시오.
C:\Users\azn2w\Git\CppPractice\CppPracticeSol\FebruaryCppPrac\GameManager.cpp(219,22): error C2039: 'InstantiateEnemy': 'GameManager'의 멤버가 아닙니다.
C:\Users\azn2w\Git\CppPractice\CppPracticeSol\FebruaryCppPrac\GameManager.h(15): message : 'GameManager' 선언을 참조하십시오.
