c:\users\azn2w\git\cpppractice\cpppracticesol\februarycppprac\debug\text_rpg.pch
c:\users\azn2w\git\cpppractice\cpppracticesol\februarycppprac\debug\vc142.pdb
c:\users\azn2w\git\cpppractice\cpppracticesol\februarycppprac\debug\vc142.idb
c:\users\azn2w\git\cpppractice\cpppracticesol\februarycppprac\debug\carmor.obj
c:\users\azn2w\git\cpppractice\cpppracticesol\februarycppprac\debug\cinventory.obj
c:\users\azn2w\git\cpppractice\cpppracticesol\februarycppprac\debug\citembase.obj
c:\users\azn2w\git\cpppractice\cpppracticesol\februarycppprac\debug\cmystring.obj
c:\users\azn2w\git\cpppractice\cpppracticesol\februarycppprac\debug\cobjectbase.obj
c:\users\azn2w\git\cpppractice\cpppracticesol\februarycppprac\debug\cshop.obj
c:\users\azn2w\git\cpppractice\cpppracticesol\februarycppprac\debug\cweapon.obj
c:\users\azn2w\git\cpppractice\cpppracticesol\februarycppprac\debug\cenemy.obj
c:\users\azn2w\git\cpppractice\cpppracticesol\februarycppprac\debug\cplayer.obj
c:\users\azn2w\git\cpppractice\cpppracticesol\februarycppprac\debug\textrpg5main.obj
c:\users\azn2w\git\cpppractice\cpppracticesol\februarycppprac\debug\gamemanager.obj
c:\users\azn2w\git\cpppractice\cpppracticesol\debug\text_rpg.pdb
c:\users\azn2w\git\cpppractice\cpppracticesol\februarycppprac\debug\text_rpg.tlog\cl.command.1.tlog
c:\users\azn2w\git\cpppractice\cpppracticesol\februarycppprac\debug\text_rpg.tlog\cl.read.1.tlog
c:\users\azn2w\git\cpppractice\cpppracticesol\februarycppprac\debug\text_rpg.tlog\cl.write.1.tlog
c:\users\azn2w\git\cpppractice\cpppracticesol\februarycppprac\debug\text_rpg.tlog\link-cvtres.read.1.tlog
c:\users\azn2w\git\cpppractice\cpppracticesol\februarycppprac\debug\text_rpg.tlog\link-cvtres.write.1.tlog
c:\users\azn2w\git\cpppractice\cpppracticesol\februarycppprac\debug\text_rpg.tlog\link-rc.read.1.tlog
c:\users\azn2w\git\cpppractice\cpppracticesol\februarycppprac\debug\text_rpg.tlog\link-rc.write.1.tlog
c:\users\azn2w\git\cpppractice\cpppracticesol\februarycppprac\debug\text_rpg.tlog\link.command.1.tlog
c:\users\azn2w\git\cpppractice\cpppracticesol\februarycppprac\debug\text_rpg.tlog\link.read.1.tlog
c:\users\azn2w\git\cpppractice\cpppracticesol\februarycppprac\debug\text_rpg.tlog\link.write.1.tlog
